1644758491172	geckodriver	INFO	Listening on 127.0.0.1:50693
1644758494233	mozrunner::runner	INFO	Running command: "C:\\Program Files\\Mozilla Firefox\\firefox.exe" "--marionette" "-headless" "-foreground" "-no-remote" "-profile" "C:\\Users\\SADIGG~1\\AppData\\Local\\Temp\\rust_mozprofilew3fFqA"
*** You are running in headless mode.
1644758494472	Marionette	INFO	Marionette enabled
[GFX1-]: RenderCompositorSWGL failed mapping default framebuffer, no dt
console.warn: SearchSettings: "get: No settings file exists, new profile?" (new NotFoundError("Could not open the file at C:\\Users\\Sadig Goja\\AppData\\Local\\Temp\\rust_mozprofilew3fFqA\\search.json.mozlz4", (void 0)))
1644758495386	Marionette	INFO	Listening on port 50708
1644758495775	RemoteAgent	WARN	TLS certificate errors will be ignored for this session
console.warn: LoginRecipes: "getRecipes: falling back to a synchronous message for:" "https://accounts.sothebys.com"
console.warn: LoginRecipes: "getRecipes: falling back to a synchronous message for:" "https://accounts.sothebys.com"
JavaScript error: resource://gre/modules/LoginManagerParent.jsm, line 136: TypeError: gRecipeManager is null
console.warn: LoginRecipes: "getRecipes: falling back to a synchronous message for:" "https://accounts.sothebys.com"
JavaScript error: resource://gre/modules/LoginManagerParent.jsm, line 136: TypeError: gRecipeManager is null
console.warn: LoginRecipes: "getRecipes: falling back to a synchronous message for:" "https://accounts.sothebys.com"
JavaScript error: resource://gre/modules/LoginManagerParent.jsm, line 136: TypeError: gRecipeManager is null
JavaScript error: , line 0: TypeError: NetworkError when attempting to fetch resource.
1644758528939	geckodriver	INFO	Listening on 127.0.0.1:50940
1644758532020	mozrunner::runner	INFO	Running command: "C:\\Program Files\\Mozilla Firefox\\firefox.exe" "--marionette" "-headless" "-foreground" "-no-remote" "-profile" "C:\\Users\\SADIGG~1\\AppData\\Local\\Temp\\rust_mozprofileOQCJY7"
*** You are running in headless mode.
1644758532264	Marionette	INFO	Marionette enabled
[GFX1-]: RenderCompositorSWGL failed mapping default framebuffer, no dt
console.warn: SearchSettings: "get: No settings file exists, new profile?" (new NotFoundError("Could not open the file at C:\\Users\\Sadig Goja\\AppData\\Local\\Temp\\rust_mozprofileOQCJY7\\search.json.mozlz4", (void 0)))
1644758533160	Marionette	INFO	Listening on port 50954
1644758533579	RemoteAgent	WARN	TLS certificate errors will be ignored for this session
console.warn: LoginRecipes: "getRecipes: falling back to a synchronous message for:" "https://accounts.sothebys.com"
console.warn: LoginRecipes: "getRecipes: falling back to a synchronous message for:" "https://accounts.sothebys.com"
JavaScript error: resource://gre/modules/LoginManagerParent.jsm, line 136: TypeError: gRecipeManager is null
console.warn: LoginRecipes: "getRecipes: falling back to a synchronous message for:" "https://accounts.sothebys.com"
JavaScript error: resource://gre/modules/LoginManagerParent.jsm, line 136: TypeError: gRecipeManager is null
console.warn: LoginRecipes: "getRecipes: falling back to a synchronous message for:" "https://accounts.sothebys.com"
JavaScript error: resource://gre/modules/LoginManagerParent.jsm, line 136: TypeError: gRecipeManager is null
