INFO:root:Site is opening...
INFO:root:Signed in
INFO:root:Site is opening...
INFO:root:Signed in
INFO:root:Scrolling...
INFO:root:254 auctions founded
INFO:root:Auctions are extracted to auctions.csv file
INFO:root:Iterating auction pages
INFO:root:Signed in
INFO:root:Important Modern & Vintage Timepieces is scrolling..
INFO:root:Scrolling...
INFO:root:html saved with name: MonacoJan18,2022
INFO:root:29. lot withdrawn
INFO:root:97. lot withdrawn
INFO:root:136. lot withdrawn
INFO:root:175 watches done
INFO:root:Only Online Auction is scrolling..
INFO:root:Scrolling...
INFO:root:html saved with name: GenevaJan03,2022
INFO:root:482. lot withdrawn
INFO:root:514 watches done
INFO:root:Important Modern & Vintage Timepieces & Jewels is scrolling..
INFO:root:Scrolling...
