1643190083093	geckodriver	INFO	Listening on 127.0.0.1:50330
1643190086158	mozrunner::runner	INFO	Running command: "C:\\Program Files\\Mozilla Firefox\\firefox.exe" "--marionette" "-headless" "-foreground" "-no-remote" "-profile" "C:\\Users\\SADIGG~1\\AppData\\Local\\Temp\\rust_mozprofileQd4bw3"
*** You are running in headless mode.
1643190086428	Marionette	INFO	Marionette enabled
[GFX1-]: RenderCompositorSWGL failed mapping default framebuffer, no dt
console.warn: SearchSettings: "get: No settings file exists, new profile?" (new NotFoundError("Could not open the file at C:\\Users\\Sadig Goja\\AppData\\Local\\Temp\\rust_mozprofileQd4bw3\\search.json.mozlz4", (void 0)))
1643190087370	Marionette	INFO	Listening on port 50341
1643190087716	RemoteAgent	WARN	TLS certificate errors will be ignored for this session
console.warn: LoginRecipes: "getRecipes: falling back to a synchronous message for:" "https://catalog.antiquorum.swiss"
1643190190823	geckodriver	INFO	Listening on 127.0.0.1:50574
1643190193901	mozrunner::runner	INFO	Running command: "C:\\Program Files\\Mozilla Firefox\\firefox.exe" "--marionette" "-foreground" "-no-remote" "-profile" "C:\\Users\\SADIGG~1\\AppData\\Local\\Temp\\rust_mozprofile71WciW"
1643190194153	Marionette	INFO	Marionette enabled
console.warn: SearchSettings: "get: No settings file exists, new profile?" (new NotFoundError("Could not open the file at C:\\Users\\Sadig Goja\\AppData\\Local\\Temp\\rust_mozprofile71WciW\\search.json.mozlz4", (void 0)))
1643190195978	Marionette	INFO	Listening on port 50582
1643190196063	RemoteAgent	WARN	TLS certificate errors will be ignored for this session
console.warn: LoginRecipes: "getRecipes: falling back to a synchronous message for:" "https://catalog.antiquorum.swiss"
1643190291125	Marionette	INFO	Stopped listening on port 50582
console.warn: TopSitesFeed: Failed to fetch data from Contile server: NetworkError when attempting to fetch resource.

###!!! [Parent][RunMessage] Error: Channel closing: too late to send/recv, messages will be lost

1643190394700	geckodriver	INFO	Listening on 127.0.0.1:51171
1643190397764	mozrunner::runner	INFO	Running command: "C:\\Program Files\\Mozilla Firefox\\firefox.exe" "--marionette" "-foreground" "-no-remote" "-profile" "C:\\Users\\SADIGG~1\\AppData\\Local\\Temp\\rust_mozprofilemN9dcu"
1643190398012	Marionette	INFO	Marionette enabled
console.warn: SearchSettings: "get: No settings file exists, new profile?" (new NotFoundError("Could not open the file at C:\\Users\\Sadig Goja\\AppData\\Local\\Temp\\rust_mozprofilemN9dcu\\search.json.mozlz4", (void 0)))
1643190399899	Marionette	INFO	Listening on port 51182
1643190399931	RemoteAgent	WARN	TLS certificate errors will be ignored for this session
console.warn: LoginRecipes: "getRecipes: falling back to a synchronous message for:" "https://catalog.antiquorum.swiss"
1643190418165	Marionette	INFO	Stopped listening on port 51182
console.warn: TopSitesFeed: Failed to fetch data from Contile server: NetworkError when attempting to fetch resource.

###!!! [Parent][RunMessage] Error: Channel closing: too late to send/recv, messages will be lost

1643190419883	geckodriver	INFO	Listening on 127.0.0.1:51324
1643190422961	mozrunner::runner	INFO	Running command: "C:\\Program Files\\Mozilla Firefox\\firefox.exe" "--marionette" "-foreground" "-no-remote" "-profile" "C:\\Users\\SADIGG~1\\AppData\\Local\\Temp\\rust_mozprofileZ6n5zD"
1643190423215	Marionette	INFO	Marionette enabled
console.warn: SearchSettings: "get: No settings file exists, new profile?" (new NotFoundError("Could not open the file at C:\\Users\\Sadig Goja\\AppData\\Local\\Temp\\rust_mozprofileZ6n5zD\\search.json.mozlz4", (void 0)))
1643190424941	Marionette	INFO	Listening on port 51333
1643190425011	RemoteAgent	WARN	TLS certificate errors will be ignored for this session
console.warn: LoginRecipes: "getRecipes: falling back to a synchronous message for:" "https://catalog.antiquorum.swiss"
1643190483910	Marionette	INFO	Stopped listening on port 51333
console.warn: TopSitesFeed: Failed to fetch data from Contile server: NetworkError when attempting to fetch resource.
1643190485730	geckodriver	INFO	Listening on 127.0.0.1:51541
1643190488769	mozrunner::runner	INFO	Running command: "C:\\Program Files\\Mozilla Firefox\\firefox.exe" "--marionette" "-foreground" "-no-remote" "-profile" "C:\\Users\\SADIGG~1\\AppData\\Local\\Temp\\rust_mozprofileNzR9vx"
1643190489017	Marionette	INFO	Marionette enabled
console.warn: SearchSettings: "get: No settings file exists, new profile?" (new NotFoundError("Could not open the file at C:\\Users\\Sadig Goja\\AppData\\Local\\Temp\\rust_mozprofileNzR9vx\\search.json.mozlz4", (void 0)))
1643190491248	Marionette	INFO	Listening on port 51551
1643190491419	RemoteAgent	WARN	TLS certificate errors will be ignored for this session
console.warn: LoginRecipes: "getRecipes: falling back to a synchronous message for:" "https://catalog.antiquorum.swiss"
1643190531530	Marionette	INFO	Stopped listening on port 51551

###!!! [Parent][MessageChannel] Error: (msgtype=0x3A007A,name=PContent::Msg_DestroyBrowsingContextGroup) Closed channel: cannot send/recv


###!!! [Parent][MessageChannel] Error: (msgtype=0x3A014F,name=PContent::Reply_DiscardBrowsingContext) Closed channel: cannot send/recv


###!!! [Parent][RunMessage] Error: Channel closing: too late to send/recv, messages will be lost

1643190532379	geckodriver	INFO	Listening on 127.0.0.1:51731
1643190535430	mozrunner::runner	INFO	Running command: "C:\\Program Files\\Mozilla Firefox\\firefox.exe" "--marionette" "-headless" "-foreground" "-no-remote" "-profile" "C:\\Users\\SADIGG~1\\AppData\\Local\\Temp\\rust_mozprofilefmV1wQ"
*** You are running in headless mode.
1643190535693	Marionette	INFO	Marionette enabled
[GFX1-]: RenderCompositorSWGL failed mapping default framebuffer, no dt
console.warn: SearchSettings: "get: No settings file exists, new profile?" (new NotFoundError("Could not open the file at C:\\Users\\Sadig Goja\\AppData\\Local\\Temp\\rust_mozprofilefmV1wQ\\search.json.mozlz4", (void 0)))
1643190536668	Marionette	INFO	Listening on port 51746
1643190536987	RemoteAgent	WARN	TLS certificate errors will be ignored for this session
console.warn: LoginRecipes: "getRecipes: falling back to a synchronous message for:" "https://catalog.antiquorum.swiss"
1643190544665	Marionette	WARN	Ignoring event 'DOMContentLoaded' because document has an invalid readyState of 'complete'.
JavaScript error: resource://gre/modules/XULStore.jsm, line 66: Error: Can't find profile directory.
JavaScript error: resource://gre/modules/XULStore.jsm, line 66: Error: Can't find profile directory.
1643190658406	Marionette	INFO	Stopped listening on port 51746

###!!! [Parent][MessageChannel] Error: (msgtype=0x3A007A,name=PContent::Msg_DestroyBrowsingContextGroup) Closed channel: cannot send/recv


###!!! [Child][RunMessage] Error: Channel closing: too late to send/recv, messages will be lost


###!!! [Child][RunMessage] Error: Channel closing: too late to send/recv, messages will be lost


###!!! [Parent][RunMessage] Error: Channel error: cannot send/recv


###!!! [Parent][RunMessage] Error: Channel error: cannot send/recv


###!!! [Parent][RunMessage] Error: Channel error: cannot send/recv


###!!! [Parent][RunMessage] Error: Channel error: cannot send/recv


###!!! [Parent][RunMessage] Error: Channel error: cannot send/recv


###!!! [Parent][RunMessage] Error: Channel error: cannot send/recv


###!!! [Parent][RunMessage] Error: Channel error: cannot send/recv


###!!! [Parent][RunMessage] Error: Channel error: cannot send/recv


###!!! [Parent][RunMessage] Error: Channel error: cannot send/recv


###!!! [Parent][RunMessage] Error: Channel error: cannot send/recv


###!!! [Parent][RunMessage] Error: Channel error: cannot send/recv


###!!! [Parent][RunMessage] Error: Channel error: cannot send/recv


###!!! [Parent][RunMessage] Error: Channel error: cannot send/recv


###!!! [Parent][RunMessage] Error: Channel error: cannot send/recv


###!!! [Parent][RunMessage] Error: Channel error: cannot send/recv


###!!! [Parent][RunMessage] Error: Channel error: cannot send/recv


###!!! [Parent][RunMessage] Error: Channel error: cannot send/recv


###!!! [Parent][RunMessage] Error: Channel error: cannot send/recv


###!!! [Parent][RunMessage] Error: Channel error: cannot send/recv


###!!! [Parent][RunMessage] Error: Channel error: cannot send/recv


###!!! [Parent][RunMessage] Error: Channel error: cannot send/recv


###!!! [Parent][RunMessage] Error: Channel error: cannot send/recv


###!!! [Parent][RunMessage] Error: Channel error: cannot send/recv


###!!! [Parent][RunMessage] Error: Channel error: cannot send/recv


###!!! [Parent][RunMessage] Error: Channel error: cannot send/recv


###!!! [Parent][RunMessage] Error: Channel error: cannot send/recv


###!!! [Parent][RunMessage] Error: Channel error: cannot send/recv


###!!! [Parent][RunMessage] Error: Channel error: cannot send/recv


###!!! [Parent][RunMessage] Error: Channel error: cannot send/recv


###!!! [Parent][RunMessage] Error: Channel error: cannot send/recv


###!!! [Parent][RunMessage] Error: Channel error: cannot send/recv


###!!! [Parent][RunMessage] Error: Channel error: cannot send/recv


###!!! [Parent][RunMessage] Error: Channel error: cannot send/recv


###!!! [Parent][RunMessage] Error: Channel error: cannot send/recv


###!!! [Parent][RunMessage] Error: Channel error: cannot send/recv


###!!! [Parent][RunMessage] Error: Channel error: cannot send/recv


###!!! [Parent][RunMessage] Error: Channel error: cannot send/recv


###!!! [Parent][RunMessage] Error: Channel error: cannot send/recv


###!!! [Parent][RunMessage] Error: Channel error: cannot send/recv


###!!! [Parent][RunMessage] Error: Channel error: cannot send/recv


###!!! [Parent][RunMessage] Error: Channel error: cannot send/recv


###!!! [Parent][RunMessage] Error: Channel error: cannot send/recv


###!!! [Parent][RunMessage] Error: Channel error: cannot send/recv


###!!! [Parent][RunMessage] Error: Channel error: cannot send/recv


###!!! [Parent][RunMessage] Error: Channel error: cannot send/recv


###!!! [Parent][RunMessage] Error: Channel error: cannot send/recv


###!!! [Parent][RunMessage] Error: Channel error: cannot send/recv


###!!! [Parent][RunMessage] Error: Channel error: cannot send/recv


###!!! [Parent][RunMessage] Error: Channel error: cannot send/recv


###!!! [Parent][RunMessage] Error: Channel error: cannot send/recv


###!!! [Parent][RunMessage] Error: Channel error: cannot send/recv


###!!! [Parent][RunMessage] Error: Channel error: cannot send/recv


###!!! [Parent][RunMessage] Error: Channel error: cannot send/recv


###!!! [Parent][RunMessage] Error: Channel error: cannot send/recv


###!!! [Parent][RunMessage] Error: Channel error: cannot send/recv


###!!! [Parent][RunMessage] Error: Channel error: cannot send/recv


###!!! [Parent][RunMessage] Error: Channel error: cannot send/recv


###!!! [Parent][RunMessage] Error: Channel error: cannot send/recv


###!!! [Parent][RunMessage] Error: Channel error: cannot send/recv


###!!! [Parent][RunMessage] Error: Channel error: cannot send/recv


###!!! [Parent][RunMessage] Error: Channel error: cannot send/recv


###!!! [Parent][RunMessage] Error: Channel error: cannot send/recv


###!!! [Parent][RunMessage] Error: Channel error: cannot send/recv


###!!! [Parent][RunMessage] Error: Channel error: cannot send/recv


###!!! [Parent][RunMessage] Error: Channel error: cannot send/recv


###!!! [Parent][RunMessage] Error: Channel error: cannot send/recv


###!!! [Parent][RunMessage] Error: Channel error: cannot send/recv


###!!! [Parent][RunMessage] Error: Channel error: cannot send/recv


###!!! [Parent][RunMessage] Error: Channel error: cannot send/recv


###!!! [Parent][RunMessage] Error: Channel error: cannot send/recv


###!!! [Parent][RunMessage] Error: Channel error: cannot send/recv


###!!! [Parent][RunMessage] Error: Channel error: cannot send/recv


###!!! [Parent][RunMessage] Error: Channel error: cannot send/recv


###!!! [Parent][RunMessage] Error: Channel error: cannot send/recv


###!!! [Parent][RunMessage] Error: Channel error: cannot send/recv


###!!! [Parent][RunMessage] Error: Channel error: cannot send/recv


###!!! [Parent][RunMessage] Error: Channel error: cannot send/recv


###!!! [Parent][RunMessage] Error: Channel error: cannot send/recv


###!!! [Parent][RunMessage] Error: Channel error: cannot send/recv


###!!! [Parent][RunMessage] Error: Channel error: cannot send/recv


###!!! [Parent][RunMessage] Error: Channel error: cannot send/recv


###!!! [Parent][RunMessage] Error: Channel error: cannot send/recv


###!!! [Parent][RunMessage] Error: Channel error: cannot send/recv


###!!! [Parent][RunMessage] Error: Channel error: cannot send/recv


###!!! [Parent][RunMessage] Error: Channel error: cannot send/recv


###!!! [Parent][RunMessage] Error: Channel error: cannot send/recv


###!!! [Parent][RunMessage] Error: Channel error: cannot send/recv


###!!! [Parent][RunMessage] Error: Channel error: cannot send/recv


###!!! [Parent][RunMessage] Error: Channel error: cannot send/recv


###!!! [Parent][RunMessage] Error: Channel error: cannot send/recv


###!!! [Parent][RunMessage] Error: Channel error: cannot send/recv


###!!! [Parent][RunMessage] Error: Channel closing: too late to send/recv, messages will be lost

1644760720359	geckodriver	INFO	Listening on 127.0.0.1:55932
1644760723417	mozrunner::runner	INFO	Running command: "C:\\Program Files\\Mozilla Firefox\\firefox.exe" "--marionette" "-headless" "-foreground" "-no-remote" "-profile" "C:\\Users\\SADIGG~1\\AppData\\Local\\Temp\\rust_mozprofilevLL21T"
*** You are running in headless mode.
1644760723641	Marionette	INFO	Marionette enabled
[GFX1-]: RenderCompositorSWGL failed mapping default framebuffer, no dt
console.warn: SearchSettings: "get: No settings file exists, new profile?" (new NotFoundError("Could not open the file at C:\\Users\\Sadig Goja\\AppData\\Local\\Temp\\rust_mozprofilevLL21T\\search.json.mozlz4", (void 0)))
1644760724431	Marionette	INFO	Listening on port 55944
1644760724454	RemoteAgent	WARN	TLS certificate errors will be ignored for this session
console.warn: LoginRecipes: "getRecipes: falling back to a synchronous message for:" "https://catalog.antiquorum.swiss"
1644760817158	geckodriver	INFO	Listening on 127.0.0.1:56254
1644760820216	mozrunner::runner	INFO	Running command: "C:\\Program Files\\Mozilla Firefox\\firefox.exe" "--marionette" "-headless" "-foreground" "-no-remote" "-profile" "C:\\Users\\SADIGG~1\\AppData\\Local\\Temp\\rust_mozprofilesA1V6K"
*** You are running in headless mode.
1644760820441	Marionette	INFO	Marionette enabled
[GFX1-]: RenderCompositorSWGL failed mapping default framebuffer, no dt
console.warn: SearchSettings: "get: No settings file exists, new profile?" (new NotFoundError("Could not open the file at C:\\Users\\Sadig Goja\\AppData\\Local\\Temp\\rust_mozprofilesA1V6K\\search.json.mozlz4", (void 0)))
1644760821249	Marionette	INFO	Listening on port 56265
1644760821769	RemoteAgent	WARN	TLS certificate errors will be ignored for this session
console.warn: LoginRecipes: "getRecipes: falling back to a synchronous message for:" "https://catalog.antiquorum.swiss"
1644760861861	Marionette	INFO	Stopped listening on port 56265

###!!! [Parent][PContentParent] Error: Send(msgname=PContent::Msg_DestroyBrowsingContextGroup) Closed channel: cannot send/recv


###!!! [Parent][PImageBridgeParent] Error: RunMessage(msgname=PImageBridge::Msg_WillClose) Channel closing: too late to send/recv, messages will be lost

1644760862585	geckodriver	INFO	Listening on 127.0.0.1:56437
1644760865657	mozrunner::runner	INFO	Running command: "C:\\Program Files\\Mozilla Firefox\\firefox.exe" "--marionette" "-headless" "-foreground" "-no-remote" "-profile" "C:\\Users\\SADIGG~1\\AppData\\Local\\Temp\\rust_mozprofilejWDksU"
*** You are running in headless mode.
1644760865875	Marionette	INFO	Marionette enabled
[GFX1-]: RenderCompositorSWGL failed mapping default framebuffer, no dt
console.warn: SearchSettings: "get: No settings file exists, new profile?" (new NotFoundError("Could not open the file at C:\\Users\\Sadig Goja\\AppData\\Local\\Temp\\rust_mozprofilejWDksU\\search.json.mozlz4", (void 0)))
1644760866755	Marionette	INFO	Listening on port 56445
1644760867200	RemoteAgent	WARN	TLS certificate errors will be ignored for this session
console.warn: LoginRecipes: "getRecipes: falling back to a synchronous message for:" "https://catalog.antiquorum.swiss"
1644760874243	Marionette	WARN	Ignoring event 'DOMContentLoaded' because document has an invalid readyState of 'complete'.
JavaScript error: resource://gre/actors/ContentMetaChild.jsm, line 179: InvalidStateError: JSWindowActorChild.sendAsyncMessage: JSWindowActorChild cannot send at the moment
JavaScript error: resource://gre/modules/XULStore.jsm, line 66: Error: Can't find profile directory.
JavaScript error: resource://gre/modules/XULStore.jsm, line 66: Error: Can't find profile directory.
